SF:lib/core/shared/app_circular_icon.dart
DA:7,5
DA:11,0
DA:13,1
DA:15,1
DA:18,1
DA:19,1
DA:22,1
DA:23,1
LF:8
LH:7
end_of_record
SF:lib/core/exceptions/http_exception.dart
DA:4,0
DA:8,1
DA:12,1
LF:3
LH:2
end_of_record
SF:lib/core/infrastructure/http/dio_http_service.dart
DA:8,1
DA:12,3
DA:19,2
DA:20,1
DA:21,1
DA:24,1
DA:27,1
DA:28,1
DA:33,1
DA:40,2
DA:44,3
DA:45,0
DA:46,2
DA:50,1
DA:51,1
DA:53,1
DA:54,1
DA:55,1
DA:56,2
DA:57,1
DA:59,1
DA:63,0
DA:66,1
DA:72,4
DA:73,1
LF:25
LH:23
end_of_record
SF:lib/features/categorie/domain/category.dart
DA:11,3
DA:18,0
DA:19,0
LF:3
LH:1
end_of_record
SF:lib/features/categorie/domain/category.g.dart
DA:9,0
DA:10,0
DA:11,0
DA:14,0
DA:15,0
DA:16,0
DA:17,0
LF:7
LH:0
end_of_record
SF:lib/features/categorie/domain/category_response.dart
DA:9,3
DA:15,0
DA:16,0
LF:3
LH:1
end_of_record
SF:lib/features/categorie/domain/category_response.g.dart
DA:9,0
DA:10,0
DA:11,0
DA:12,0
DA:13,0
DA:16,0
DA:17,0
DA:18,0
LF:8
LH:0
end_of_record
SF:lib/features/categorie/infrastucture/category_facade.dart
DA:8,0
DA:12,0
DA:15,0
DA:16,0
DA:20,0
DA:21,0
DA:22,0
DA:25,9
DA:26,0
DA:27,0
LF:10
LH:1
end_of_record
SF:lib/features/quiz_settings/domain/quiz_settings.dart
DA:10,2
DA:18,4
DA:19,2
DA:24,0
DA:25,0
LF:5
LH:3
end_of_record
SF:lib/features/quiz_settings/domain/quiz_settings.g.dart
DA:9,0
DA:10,0
DA:11,0
DA:12,0
DA:13,0
DA:16,0
DA:18,0
DA:19,0
DA:20,0
DA:21,0
LF:10
LH:0
end_of_record
SF:lib/features/quiz_settings/presentation/widget/quiz_level/quiz_level.dart
DA:14,4
DA:15,1
DA:17,2
DA:18,1
DA:20,1
DA:24,1
DA:29,1
DA:31,1
DA:32,2
DA:33,2
DA:34,1
DA:35,1
DA:36,1
DA:37,3
DA:38,1
DA:41,1
LF:16
LH:16
end_of_record
SF:lib/features/quiz_settings/presentation/widget/quiz_type/quiz_question_type.dart
DA:15,4
DA:16,1
DA:18,2
DA:19,1
DA:21,1
DA:25,1
DA:30,1
DA:32,1
DA:33,2
DA:34,2
DA:35,1
DA:36,1
DA:37,1
DA:38,3
DA:39,1
DA:42,1
LF:16
LH:16
end_of_record
SF:lib/features/quiz_settings/presentation/quiz_settings_controller.dart
DA:7,6
DA:9,2
DA:10,10
DA:13,2
DA:14,8
DA:17,2
DA:18,8
DA:22,4
DA:23,2
DA:24,2
DA:25,2
DA:29,7
DA:30,3
DA:31,4
DA:34,7
DA:35,3
DA:36,1
DA:37,2
LF:18
LH:18
end_of_record
SF:lib/features/quiz_settings/presentation/widget/settings_action_chip.dart
DA:4,1
DA:14,1
DA:16,1
DA:17,2
DA:19,2
DA:20,1
LF:6
LH:6
end_of_record
SF:lib/core/presentation/app_widget.dart
DA:6,2
DA:8,2
DA:10,2
DA:12,2
LF:4
LH:4
end_of_record
SF:lib/core/styles/app_themes.dart
DA:8,2
DA:9,2
DA:10,2
DA:17,2
DA:18,2
LF:5
LH:5
end_of_record
SF:lib/features/home/presentation/home.dart
DA:8,4
DA:10,2
DA:12,2
DA:13,2
DA:15,2
DA:16,2
DA:18,1
DA:20,2
DA:21,1
DA:22,1
DA:29,2
LF:11
LH:11
end_of_record
SF:lib/core/shared/app_button.dart
DA:8,1
DA:12,1
DA:14,1
DA:16,1
DA:17,1
DA:18,1
DA:22,1
DA:24,1
DA:27,1
DA:28,1
LF:10
LH:10
end_of_record
SF:lib/core/styles/app_colors.dart
DA:16,2
DA:17,6
DA:19,2
DA:20,2
DA:21,8
DA:22,2
DA:25,2
DA:29,2
DA:30,2
DA:31,2
DA:32,2
DA:33,2
DA:34,2
DA:35,2
DA:37,2
DA:38,2
DA:39,2
DA:40,2
DA:42,4
LF:19
LH:19
end_of_record
SF:lib/core/shared/async_value_widget.dart
DA:5,0
DA:9,0
DA:11,0
DA:12,0
DA:13,0
DA:14,0
DA:21,2
DA:26,2
DA:28,4
DA:29,2
DA:30,2
DA:35,0
DA:36,0
DA:37,0
DA:38,0
LF:15
LH:5
end_of_record
SF:lib/core/shared/trivia_app_bar.dart
DA:4,6
DA:14,2
DA:16,2
DA:17,4
DA:18,2
DA:19,2
DA:23,2
LF:7
LH:7
end_of_record
SF:lib/core/shared/wave_clipper_widget.dart
DA:5,8
DA:7,2
DA:9,2
DA:10,2
DA:11,2
DA:12,2
DA:13,4
LF:7
LH:7
end_of_record
SF:lib/core/styles/text_theme.dart
DA:7,2
DA:18,2
DA:19,2
DA:20,2
DA:21,2
DA:22,2
DA:23,2
LF:7
LH:7
end_of_record
SF:lib/features/categorie/presentation/categorie_list/categories_grid.dart
DA:9,4
DA:11,2
DA:13,4
DA:15,2
DA:17,6
DA:18,0
DA:19,0
DA:20,0
DA:22,0
DA:26,2
DA:28,2
DA:35,2
DA:36,4
DA:37,2
DA:38,4
DA:39,2
DA:40,6
LF:17
LH:13
end_of_record
SF:lib/features/categorie/presentation/categorie_list/category_card.dart
DA:7,2
DA:13,2
DA:15,2
DA:17,2
DA:18,2
DA:22,2
DA:24,1
DA:26,2
DA:27,1
DA:28,0
DA:29,0
DA:34,2
DA:36,2
DA:37,2
DA:38,4
LF:15
LH:13
end_of_record
SF:lib/features/quiz/presentation/quiz_screen.dart
DA:9,0
DA:11,0
DA:13,0
DA:14,0
DA:15,0
DA:17,0
DA:18,0
DA:20,0
DA:21,0
LF:9
LH:0
end_of_record
SF:lib/features/categorie/presentation/categories_list_screen.dart
DA:6,4
DA:8,2
LF:2
LH:2
end_of_record
SF:lib/features/quiz_settings/presentation/quiz_settings_screen.dart
DA:8,4
DA:10,1
DA:12,1
DA:16,1
DA:18,1
LF:5
LH:5
end_of_record
SF:lib/features/quiz/domain/question.dart
DA:8,0
DA:20,0
DA:21,0
DA:23,0
DA:24,0
DA:26,0
DA:27,0
DA:28,0
DA:32,0
DA:33,0
LF:10
LH:0
end_of_record
SF:lib/features/quiz/domain/question.g.dart
DA:9,0
DA:10,0
DA:11,0
DA:12,0
DA:13,0
DA:14,0
DA:15,0
DA:16,0
DA:17,0
DA:19,0
DA:22,0
DA:23,0
DA:24,0
DA:25,0
DA:26,0
DA:27,0
DA:28,0
DA:29,0
DA:30,0
LF:19
LH:0
end_of_record
SF:lib/features/quiz/infrastucture/question_facade.dart
DA:12,0
DA:15,0
DA:23,0
DA:25,0
DA:26,0
DA:27,0
DA:28,0
DA:29,0
DA:33,0
DA:34,0
DA:36,0
DA:40,0
DA:41,0
DA:42,0
DA:45,0
DA:46,0
DA:49,0
DA:50,0
DA:51,0
DA:52,0
DA:54,0
DA:55,0
DA:56,0
DA:57,0
DA:58,0
LF:25
LH:0
end_of_record
SF:lib/features/quiz/presentation/controller/quiz_controller.dart
DA:6,0
DA:8,0
DA:9,0
DA:10,0
DA:11,0
DA:12,0
DA:14,0
DA:18,0
DA:19,0
DA:21,0
DA:27,0
DA:28,0
DA:30,0
DA:36,0
DA:37,0
DA:41,0
DA:42,0
DA:43,0
LF:18
LH:0
end_of_record
SF:lib/features/quiz/presentation/controller/quiz_state.dart
DA:16,0
DA:25,0
DA:26,0
DA:28,0
DA:29,0
DA:34,0
DA:35,0
DA:37,0
DA:39,0
DA:41,0
DA:42,0
LF:11
LH:0
end_of_record
SF:lib/features/quiz/presentation/controller/quiz_state.g.dart
DA:9,0
DA:10,0
DA:11,0
DA:12,0
DA:13,0
DA:14,0
DA:15,0
DA:16,0
DA:17,0
DA:20,0
DA:21,0
DA:22,0
DA:23,0
DA:24,0
DA:25,0
LF:15
LH:0
end_of_record
SF:lib/features/quiz/presentation/widget/quiz_body.dart
DA:11,0
DA:14,0
DA:16,0
DA:17,0
DA:18,0
DA:20,0
DA:22,0
DA:23,0
DA:39,0
DA:40,0
DA:44,0
LF:11
LH:0
end_of_record
SF:lib/features/quiz/presentation/widget/question_list.dart
DA:8,0
DA:11,0
DA:13,0
DA:14,0
DA:15,0
DA:16,0
DA:17,0
DA:19,0
DA:20,0
DA:21,0
DA:22,0
DA:23,0
DA:24,0
DA:27,0
LF:14
LH:0
end_of_record
SF:lib/features/quiz/presentation/widget/question_option.dart
DA:13,0
DA:20,0
DA:22,0
DA:24,0
DA:25,0
DA:26,0
DA:36,0
DA:37,0
DA:38,0
DA:39,0
DA:40,0
DA:42,0
DA:48,0
DA:49,0
DA:51,0
DA:52,0
DA:53,0
DA:54,0
DA:55,0
DA:58,0
DA:64,0
DA:65,0
DA:66,0
DA:70,0
LF:24
LH:0
end_of_record
SF:lib/features/quiz/presentation/widget/question_widget.dart
DA:12,0
DA:20,0
DA:22,0
DA:23,0
DA:24,0
DA:26,0
DA:27,0
DA:28,0
DA:29,0
DA:30,0
DA:32,0
DA:33,0
DA:40,0
DA:42,0
DA:43,0
DA:53,0
DA:56,0
DA:57,0
DA:59,0
DA:60,0
DA:61,0
DA:62,0
DA:64,0
DA:65,0
DA:72,0
LF:25
LH:0
end_of_record
SF:lib/features/quiz/presentation/widget/results/quiz_result_widget.dart
DA:11,0
DA:14,0
DA:16,0
DA:18,0
DA:19,0
DA:22,0
DA:23,0
DA:24,0
DA:33,0
DA:35,0
DA:36,0
DA:37,0
LF:12
LH:0
end_of_record
SF:lib/features/quiz_settings/presentation/widget/number_of_questions/number_of_questions.dart
DA:8,4
DA:10,1
DA:12,3
DA:13,1
DA:15,1
DA:19,1
DA:24,1
DA:26,1
DA:27,2
DA:28,2
DA:29,1
DA:30,1
DA:31,1
DA:32,3
DA:33,1
DA:36,1
LF:16
LH:16
end_of_record
